# JRE version: Java(TM) SE Runtime Environment (8.0_202-b08) (build 1.8.0_202-b08)
# Java VM: Java HotSpot(TM) 64-Bit Server VM (25.202-b08 mixed mode windows-amd64 compressed oops)
Heap:
 PSYoungGen      total 75776K, used 38917K [0x000000076bd00000, 0x0000000773580000, 0x00000007c0000000)
  eden space 65024K, 54% used [0x000000076bd00000,0x000000076dfb4470,0x000000076fc80000)
  from space 10752K, 31% used [0x0000000770700000,0x0000000770a4d030,0x0000000771180000)
  to   space 10752K, 0% used [0x000000076fc80000,0x000000076fc80000,0x0000000770700000)
 ParOldGen       total 99840K, used 9001K [0x00000006c3600000, 0x00000006c9780000, 0x000000076bd00000)
  object space 99840K, 9% used [0x00000006c3600000,0x00000006c3eca588,0x00000006c9780000)
 Metaspace       used 24233K, capacity 25226K, committed 25472K, reserved 1073152K
  class space    used 3128K, capacity 3349K, committed 3456K, reserved 1048576K
GC Heap History (10 events):
Event: 3.267 GC heap before
{Heap before GC invocations=1 (full 0):
 PSYoungGen      total 75776K, used 65024K [0x000000076bd00000, 0x0000000771180000, 0x00000007c0000000)
  eden space 65024K, 100% used [0x000000076bd00000,0x000000076fc80000,0x000000076fc80000)
  from space 10752K, 0% used [0x0000000770700000,0x0000000770700000,0x0000000771180000)
  to   space 10752K, 0% used [0x000000076fc80000,0x000000076fc80000,0x0000000770700000)
 ParOldGen       total 173568K, used 0K [0x00000006c3600000, 0x00000006cdf80000, 0x000000076bd00000)
  object space 173568K, 0% used [0x00000006c3600000,0x00000006c3600000,0x00000006cdf80000)
 Metaspace       used 7800K, capacity 8054K, committed 8192K, reserved 1056768K
  class space    used 899K, capacity 981K, committed 1024K, reserved 1048576K
Event: 3.273 GC heap after
Heap after GC invocations=1 (full 0):
 PSYoungGen      total 75776K, used 5109K [0x000000076bd00000, 0x0000000771180000, 0x00000007c0000000)
  eden space 65024K, 0% used [0x000000076bd00000,0x000000076bd00000,0x000000076fc80000)
  from space 10752K, 47% used [0x000000076fc80000,0x000000077017d4e0,0x0000000770700000)
  to   space 10752K, 0% used [0x0000000770700000,0x0000000770700000,0x0000000771180000)
 ParOldGen       total 173568K, used 16K [0x00000006c3600000, 0x00000006cdf80000, 0x000000076bd00000)
  object space 173568K, 0% used [0x00000006c3600000,0x00000006c3604000,0x00000006cdf80000)
 Metaspace       used 7800K, capacity 8054K, committed 8192K, reserved 1056768K
  class space    used 899K, capacity 981K, committed 1024K, reserved 1048576K
}
Event: 4.649 GC heap before
{Heap before GC invocations=2 (full 0):
 PSYoungGen      total 75776K, used 70133K [0x000000076bd00000, 0x0000000771180000, 0x00000007c0000000)
  eden space 65024K, 100% used [0x000000076bd00000,0x000000076fc80000,0x000000076fc80000)
  from space 10752K, 47% used [0x000000076fc80000,0x000000077017d4e0,0x0000000770700000)
  to   space 10752K, 0% used [0x0000000770700000,0x0000000770700000,0x0000000771180000)
 ParOldGen       total 173568K, used 16K [0x00000006c3600000, 0x00000006cdf80000, 0x000000076bd00000)
  object space 173568K, 0% used [0x00000006c3600000,0x00000006c3604000,0x00000006cdf80000)
 Metaspace       used 15180K, capacity 15736K, committed 16000K, reserved 1062912K
  class space    used 1995K, capacity 2135K, committed 2176K, reserved 1048576K
Event: 4.660 GC heap after
Heap after GC invocations=2 (full 0):
 PSYoungGen      total 75776K, used 8407K [0x000000076bd00000, 0x0000000771180000, 0x00000007c0000000)
  eden space 65024K, 0% used [0x000000076bd00000,0x000000076bd00000,0x000000076fc80000)
  from space 10752K, 78% used [0x0000000770700000,0x0000000770f35db0,0x0000000771180000)
  to   space 10752K, 0% used [0x000000076fc80000,0x000000076fc80000,0x0000000770700000)
 ParOldGen       total 173568K, used 24K [0x00000006c3600000, 0x00000006cdf80000, 0x000000076bd00000)
  object space 173568K, 0% used [0x00000006c3600000,0x00000006c3606000,0x00000006cdf80000)
 Metaspace       used 15180K, capacity 15736K, committed 16000K, reserved 1062912K
  class space    used 1995K, capacity 2135K, committed 2176K, reserved 1048576K
}
Event: 5.317 GC heap before
{Heap before GC invocations=3 (full 0):
 PSYoungGen      total 75776K, used 47999K [0x000000076bd00000, 0x0000000771180000, 0x00000007c0000000)
  eden space 65024K, 60% used [0x000000076bd00000,0x000000076e3aa210,0x000000076fc80000)
  from space 10752K, 78% used [0x0000000770700000,0x0000000770f35db0,0x0000000771180000)
  to   space 10752K, 0% used [0x000000076fc80000,0x000000076fc80000,0x0000000770700000)
 ParOldGen       total 173568K, used 24K [0x00000006c3600000, 0x00000006cdf80000, 0x000000076bd00000)
  object space 173568K, 0% used [0x00000006c3600000,0x00000006c3606000,0x00000006cdf80000)
 Metaspace       used 20581K, capacity 21198K, committed 21248K, reserved 1067008K
  class space    used 2653K, capacity 2814K, committed 2816K, reserved 1048576K
Event: 5.325 GC heap after
Heap after GC invocations=3 (full 0):
 PSYoungGen      total 75776K, used 9408K [0x000000076bd00000, 0x0000000771180000, 0x00000007c0000000)
  eden space 65024K, 0% used [0x000000076bd00000,0x000000076bd00000,0x000000076fc80000)
  from space 10752K, 87% used [0x000000076fc80000,0x00000007705b0250,0x0000000770700000)
  to   space 10752K, 0% used [0x0000000770700000,0x0000000770700000,0x0000000771180000)
 ParOldGen       total 173568K, used 32K [0x00000006c3600000, 0x00000006cdf80000, 0x000000076bd00000)
  object space 173568K, 0% used [0x00000006c3600000,0x00000006c3608000,0x00000006cdf80000)
 Metaspace       used 20581K, capacity 21198K, committed 21248K, reserved 1067008K
  class space    used 2653K, capacity 2814K, committed 2816K, reserved 1048576K
}
Event: 5.325 GC heap before
{Heap before GC invocations=4 (full 1):
 PSYoungGen      total 75776K, used 9408K [0x000000076bd00000, 0x0000000771180000, 0x00000007c0000000)
  eden space 65024K, 0% used [0x000000076bd00000,0x000000076bd00000,0x000000076fc80000)
  from space 10752K, 87% used [0x000000076fc80000,0x00000007705b0250,0x0000000770700000)
  to   space 10752K, 0% used [0x0000000770700000,0x0000000770700000,0x0000000771180000)
 ParOldGen       total 173568K, used 32K [0x00000006c3600000, 0x00000006cdf80000, 0x000000076bd00000)
  object space 173568K, 0% used [0x00000006c3600000,0x00000006c3608000,0x00000006cdf80000)
 Metaspace       used 20581K, capacity 21198K, committed 21248K, reserved 1067008K
  class space    used 2653K, capacity 2814K, committed 2816K, reserved 1048576K
Event: 5.348 GC heap after
Heap after GC invocations=4 (full 1):
 PSYoungGen      total 75776K, used 0K [0x000000076bd00000, 0x0000000771180000, 0x00000007c0000000)
  eden space 65024K, 0% used [0x000000076bd00000,0x000000076bd00000,0x000000076fc80000)
  from space 10752K, 0% used [0x000000076fc80000,0x000000076fc80000,0x0000000770700000)
  to   space 10752K, 0% used [0x0000000770700000,0x0000000770700000,0x0000000771180000)
 ParOldGen       total 99840K, used 8993K [0x00000006c3600000, 0x00000006c9780000, 0x000000076bd00000)
  object space 99840K, 9% used [0x00000006c3600000,0x00000006c3ec8588,0x00000006c9780000)
 Metaspace       used 20579K, capacity 21192K, committed 21248K, reserved 1067008K
  class space    used 2653K, capacity 2813K, committed 2816K, reserved 1048576K
}
Event: 6.573 GC heap before
{Heap before GC invocations=5 (full 1):
 PSYoungGen      total 75776K, used 65024K [0x000000076bd00000, 0x0000000771180000, 0x00000007c0000000)
  eden space 65024K, 100% used [0x000000076bd00000,0x000000076fc80000,0x000000076fc80000)
  from space 10752K, 0% used [0x000000076fc80000,0x000000076fc80000,0x0000000770700000)
  to   space 10752K, 0% used [0x0000000770700000,0x0000000770700000,0x0000000771180000)
 ParOldGen       total 99840K, used 8993K [0x00000006c3600000, 0x00000006c9780000, 0x000000076bd00000)
  object space 99840K, 9% used [0x00000006c3600000,0x00000006c3ec8588,0x00000006c9780000)
 Metaspace       used 22365K, capacity 23210K, committed 23424K, reserved 1069056K
  class space    used 2888K, capacity 3105K, committed 3200K, reserved 1048576K
Event: 6.576 GC heap after
Heap after GC invocations=5 (full 1):
 PSYoungGen      total 75776K, used 3380K [0x000000076bd00000, 0x0000000773580000, 0x00000007c0000000)
  eden space 65024K, 0% used [0x000000076bd00000,0x000000076bd00000,0x000000076fc80000)
  from space 10752K, 31% used [0x0000000770700000,0x0000000770a4d030,0x0000000771180000)
  to   space 10752K, 0% used [0x000000076fc80000,0x000000076fc80000,0x0000000770700000)
 ParOldGen       total 99840K, used 9001K [0x00000006c3600000, 0x00000006c9780000, 0x000000076bd00000)
  object space 99840K, 9% used [0x00000006c3600000,0x00000006c3eca588,0x00000006c9780000)
 Metaspace       used 22365K, capacity 23210K, committed 23424K, reserved 1069056K
  class space    used 2888K, capacity 3105K, committed 3200K, reserved 1048576K
}

